<?xml version="1.0" encoding="utf-8"?><testsuites name="pytest tests"><testsuite name="pytest" errors="0" failures="0" skipped="0" tests="24" time="3.402" timestamp="2026-08-11T03:22:09.567002+00:00" hostname="agent-env-4205540a-d27d-4828-abd7-39c986af57d0"><testcase classname="tests.backend_test.TestCatalog" name="test_categories" time="0.418" /><testcase classname="tests.backend_test.TestAdmin" name="test_admin_stats" time="0.529" /><testcase classname="tests.backend_test.TestCatalog" name="test_products_list" time="0.134" /><testcase classname="tests.backend_test.TestAdmin" name="test_admin_orders" time="0.095" /><testcase classname="tests.backend_test.TestCatalog" name="test_products_featured" time="0.150" /><testcase classname="tests.backend_test.TestAdmin" name="test_admin_orders_unauth" time="0.145" /><testcase classname="tests.backend_test.TestCatalog" name="test_products_by_category" time="0.099" /><testcase classname="tests.backend_test.TestAdmin" name="test_product_crud" time="0.573" /><testcase classname="tests.backend_test.TestCatalog" name="test_products_search" time="0.103" /><testcase classname="tests.backend_test.TestCatalog" name="test_products_sort_price_asc" time="0.094" /><testcase classname="tests.backend_test.TestCatalog" name="test_product_detail" time="0.196" /><testcase classname="tests.backend_test.TestCatalog" name="test_product_detail_404" time="0.095" /><testcase classname="tests.backend_test.TestAdmin" name="test_create_product_unauth" time="0.113" /><testcase classname="tests.backend_test.TestShipping" name="test_shipping_local" time="0.113" /><testcase classname="tests.backend_test.TestCheckout" name="test_stripe_create_session" time="1.062" /><testcase classname="tests.backend_test.TestShipping" name="test_shipping_local_free" time="0.520" /><testcase classname="tests.backend_test.TestShipping" name="test_shipping_remote" time="0.093" /><testcase classname="tests.backend_test.TestShipping" name="test_shipping_invalid" time="0.130" /><testcase classname="tests.backend_test.TestAuth" name="test_login_invalid" time="0.329" /><testcase classname="tests.backend_test.TestCheckout" name="test_whatsapp_order" time="0.251" /><testcase classname="tests.backend_test.TestCheckout" name="test_checkout_invalid_product" time="0.095" /><testcase classname="tests.backend_test.TestAuth" name="test_me_unauth" time="0.136" /><testcase classname="tests.backend_test.TestCheckout" name="test_payment_status_not_found" time="0.098" /><testcase classname="tests.backend_test.TestAuth" name="test_me_authed" time="0.109" /></testsuite></testsuites>