<?xml version="1.0" encoding="utf-8"?><testsuites name="pytest tests"><testsuite name="pytest" errors="0" failures="0" skipped="0" tests="35" time="6.286" timestamp="2026-08-17T14:48:07.303844+00:00" hostname="agent-env-17705398-2f43-4aa7-ac77-e9b75f77f463"><testcase classname="tests.backend_test.TestAuth" name="test_login_ok" time="0.655" /><testcase classname="tests.backend_test.TestCatalog" name="test_categories" time="0.355" /><testcase classname="tests.backend_test.TestCatalog" name="test_products_list" time="0.270" /><testcase classname="tests.backend_test.TestCatalog" name="test_products_featured" time="0.334" /><testcase classname="tests.backend_test.TestAuth" name="test_login_invalid" time="0.288" /><testcase classname="tests.backend_test.TestAuth" name="test_me_unauth" time="0.223" /><testcase classname="tests.backend_test.TestCatalog" name="test_products_by_category" time="0.122" /><testcase classname="tests.backend_test.TestCatalog" name="test_products_filter_type" time="0.160" /><testcase classname="tests.backend_test.TestCatalog" name="test_products_filter_banca" time="0.255" /><testcase classname="tests.backend_test.TestAuth" name="test_me_authed" time="0.440" /><testcase classname="tests.backend_test.TestCatalog" name="test_products_search" time="0.190" /><testcase classname="tests.backend_test.TestCatalog" name="test_products_sort_price_asc" time="0.135" /><testcase classname="tests.backend_test.TestCheckout" name="test_stripe_create_session" time="1.136" /><testcase classname="tests.backend_test.TestCatalog" name="test_product_detail" time="1.047" /><testcase classname="tests.backend_test.TestCheckout" name="test_whatsapp_order" time="0.144" /><testcase classname="tests.backend_test.TestCatalog" name="test_product_detail_404" time="0.124" /><testcase classname="tests.backend_test.TestCheckout" name="test_checkout_invalid_product" time="0.191" /><testcase classname="tests.backend_test.TestConcursos" name="test_list" time="0.236" /><testcase classname="tests.backend_test.TestCheckout" name="test_payment_status_not_found" time="0.189" /><testcase classname="tests.backend_test.TestConcursos" name="test_filter_status_aberto" time="0.137" /><testcase classname="tests.backend_test.TestNoticias" name="test_list" time="0.145" /><testcase classname="tests.backend_test.TestConcursos" name="test_search" time="0.135" /><testcase classname="tests.backend_test.TestNoticias" name="test_detail" time="0.474" /><testcase classname="tests.backend_test.TestAdmin" name="test_admin_stats" time="0.514" /><testcase classname="tests.backend_test.TestNoticias" name="test_detail_404" time="0.181" /><testcase classname="tests.backend_test.TestAdmin" name="test_admin_orders" time="0.144" /><testcase classname="tests.backend_test.TestUpload" name="test_upload_requires_auth" time="0.119" /><testcase classname="tests.backend_test.TestAdmin" name="test_admin_orders_unauth" time="0.153" /><testcase classname="tests.backend_test.TestUpload" name="test_upload_and_serve" time="0.704" /><testcase classname="tests.backend_test.TestProductCRUD" name="test_product_crud" time="0.840" /><testcase classname="tests.backend_test.TestUpload" name="test_serve_missing_404" time="0.195" /><testcase classname="tests.backend_test.TestConcursoCRUD" name="test_crud" time="0.540" /><testcase classname="tests.backend_test.TestProductCRUD" name="test_create_product_unauth" time="0.135" /><testcase classname="tests.backend_test.TestNoticiaCRUD" name="test_crud" time="0.535" /><testcase classname="tests.backend_test.TestConcursoCRUD" name="test_create_unauth" time="0.145" /></testsuite></testsuites>